Object not found: STM-C9 100nF [Package: C0603, Library: rcl]
Object not found: SIM900-C3 4u7 [Package: C0603, Library: rcl]
Object not found: SIM900-C5 22pF [Package: C0603, Library: rcl]
Object not found: STM-C1 1uF [Package: C0603, Library: rcl]
Object not found: STM-C8 100nF [Package: C0603, Library: rcl]
Object not found: W5500-C3 4.7uF [Package: C0603, Library: rcl]
Object not found: W5500-C4 10nF [Package: C0603, Library: rcl]
Object not found: W5500-C1 18pF [Package: C0603, Library: rcl]
Object not found: W5500-C2 18pF [Package: C0603, Library: rcl]
Object not found: ETH-C1 22nF [Package: C0603, Library: rcl]
Object not found: ETH-C3 10nF [Package: C0603, Library: rcl]
Object not found: ETH-C2 6.8nF [Package: C0603, Library: rcl]
Object not found: ETH-C4 6.8nF [Package: C0603, Library: rcl]
Object not found: ADE-C11 33nF [Package: 0402-CAP, Library: SparkFun-Passives]
Object not found: ADE-C13 33nF [Package: 0402-CAP, Library: SparkFun-Passives]
Object not found: ADE-C15 33nF [Package: 0402-CAP, Library: SparkFun-Passives]
Object not found: ADE-C12 33nF [Package: 0402-CAP, Library: SparkFun-Passives]
Object not found: ADE-C14 33nF [Package: 0402-CAP, Library: SparkFun-Passives]
Object not found: ADE-C16 33nF [Package: 0402-CAP, Library: SparkFun-Passives]
Object not found: ADE-C1 0.1uF [Package: C0603, Library: rcl]
Object not found: ADE-C2 10uF [Package: C0805K, Library: rcl]
Object not found: ADE-C4 22pF [Package: C0603, Library: rcl]
Object not found: ADE-C3 22pF [Package: C0603, Library: rcl]
Object not found: ADE-C10 33nF [Package: 0603-CAP, Library: SparkFun-Passives]
Object not found: ADE-C8 33nF [Package: 0603-CAP, Library: SparkFun-Passives]
Object not found: STM-C10 100nF [Package: C0603, Library: rcl]
Object not found: STM-C11 100nF [Package: C0603, Library: rcl]
Object not found: SIM900-C1 100uF [Package: 153CLV-0605, Library: rcl]
Object not found: STM-C12 100nF [Package: C0603, Library: rcl]
Object not found: SIM900-C2 100uF [Package: 153CLV-0605, Library: rcl]
Object not found: STM-C13 100nF [Package: C0603, Library: rcl]
Object not found: SIM900-C4 100nF [Package: C0603, Library: rcl]
Object not found: ETHERNET  [Package: RJ45_PULSEJACK, Library: microbuilder]
Object not found: SIM_C1 100nF [Package: C0603K, Library: rcl]
Object not found: SIM_C2 22pF [Package: C0603K, Library: rcl]
Object not found: IC1 SIM900 [Package: SIM900_SMT, Library: microbuilder]
Object not found: IC2 74HC595D [Package: SO16, Library: 74xx-eu]
Object not found: IC3 74HC595D [Package: SO16, Library: 74xx-eu]
Object not found: IC4 ADE7758RW [Package: SOIC24, Library: ade7758]
Object not found: STM-L1 BLM15HB121SN1 [Package: 0402, Library: inductors]
Object not found: SIM900-LED1  [Package: CHIPLED_0805_NOOUTLINE, Library: microbuilder]
Object not found: SIM900-LED2  [Package: CHIPLED_0805_NOOUTLINE, Library: microbuilder]
Object not found: W5500-XTAL 25MHz [Package: QS, Library: special]
Object not found: SIM900-R2 22R [Package: R0603, Library: rcl]
Object not found: SIM900-R3 22R [Package: R0603, Library: rcl]
Object not found: ETH-R4 330 [Package: R0603, Library: resistor]
Object not found: ETH-R5 330 [Package: R0603, Library: resistor]
Object not found: SIM900-R4 680R [Package: R0402, Library: rcl]
Object not found: ETH-R1 49R9 [Package: R0603, Library: resistor]
Object not found: ETH-R2 49R9 [Package: R0603, Library: resistor]
Object not found: ETH-R6 49R9 [Package: R0603, Library: resistor]
Object not found: SIM900-R5 1K [Package: R0603, Library: rcl]
Object not found: ETH-R7 49R9 [Package: R0603, Library: resistor]
Object not found: ETH-R3 10R [Package: R0603, Library: resistor]
Object not found: SIM900-R6 10K [Package: R0603, Library: rcl]
Object not found: ADE-R9 1K [Package: 0402-RES, Library: SparkFun-Passives]
Object not found: SIM900-R7 680R [Package: R0603, Library: rcl]
Object not found: ADE-R12 1K [Package: 0402-RES, Library: SparkFun-Passives]
Object not found: SIM900-R8 1K [Package: R0603, Library: rcl]
Object not found: ADE-R15 1K [Package: 0402-RES, Library: SparkFun-Passives]
Object not found: SIM900-R9 10K [Package: R0603, Library: rcl]
Object not found: ADE-R10 1K [Package: 0402-RES, Library: SparkFun-Passives]
Object not found: ADE-R13 1K [Package: 0402-RES, Library: SparkFun-Passives]
Object not found: ADE-R16 1K [Package: 0402-RES, Library: SparkFun-Passives]
Object not found: ADE-R2 81K [Package: 0603-RES, Library: SparkFun-Passives]
Object not found: ADE-R7 1K [Package: 0603-RES, Library: SparkFun-Passives]
Object not found: ADE-R5 1K [Package: 0603-RES, Library: SparkFun-Passives]
Object not found: W5500-R11 10k [Package: R0603, Library: resistor]
Object not found: W5500-R10 1M [Package: R0603, Library: resistor]
Object not found: SIM900-R1 22R [Package: R0603, Library: rcl]
Object not found: SIM900-T1  [Package: SOT23-BEC, Library: transistor]
Object not found: SIM900-T2  [Package: SOT23-BEC, Library: transistor]
Object not found: STM_CHIP STM32F103RBT6  [Package: QFP50P1200X1200X160-64N, Library: ST Microelctronics_By_element14_Batch_1]
Object not found: U2 W5500 [Package: W5500, Library: W5500]
Object not found: ADE-XTAL 10MHz [Package: HC49US, Library: SparkFun-FreqCtrl]
Object not found: ESP-GPIO0  [Package: 1X03, Library: adafruit]
Object not found: ADE-C5 10uF [Package: 153CLV-0605, Library: rcl]
Object not found: ADE-C6 100nF [Package: C0603, Library: rcl]
Object not found: SYS-R1 10R [Package: 0603-RES, Library: SparkFun-Passives]
Object not found: SYS-C1 0.1uF [Package: C0603, Library: rcl]
Object not found: SYS-C2 0.1uF [Package: C0603, Library: rcl]
Object not found: W5500-C6 100nF [Package: C0603, Library: rcl]
Object not found: W5500-C7 100nF [Package: C0603, Library: rcl]
Object not found: W5500-C8 100nF [Package: C0603, Library: rcl]
Object not found: W5500-C9 100nF [Package: C0603, Library: rcl]
Object not found: W5500-C10 100nF [Package: C0603, Library: rcl]
Object not found: W5500-C11 100nF [Package: C0603, Library: rcl]
Object not found: W5500-C5 100nF [Package: C0603, Library: rcl]
Object not found: SIM900-T3  [Package: SOT23-BEC, Library: transistor-neu-to92]
Object not found: SIM900-R10 120R [Package: R0603, Library: resistor]
Object not found: ESP-C1 100nF [Package: C0603, Library: rcl]
Object not found: SYS-R2 10R [Package: 0603-RES, Library: SparkFun-Passives]
Object not found: SYS-C3 0.1uF [Package: C0603, Library: rcl]
Object not found: SYS-C4 0.1uF [Package: C0603, Library: rcl]
Object not found: ADE-R8 33R [Package: 0402-RES, Library: SparkFun-Passives]
Object not found: ADE-R11 33R [Package: 0402-RES, Library: SparkFun-Passives]
Object not found: ADE-R14 33R [Package: 0402-RES, Library: SparkFun-Passives]
Object not found: LCD-R1 680R [Package: 0603-RES, Library: SparkFun-Passives]
Object not found: ADE-R1 81K [Package: 0603-RES, Library: SparkFun-Passives]
Object not found: ADE-C7 33nF [Package: 0603-CAP, Library: SparkFun-Passives]
Object not found: ADE-R4 1K [Package: 0603-RES, Library: SparkFun-Passives]
Object not found: ADE-R3 81K [Package: 0603-RES, Library: SparkFun-Passives]
Object not found: ADE-C9 33nF [Package: 0603-CAP, Library: SparkFun-Passives]
Object not found: ADE-R6 1K [Package: 0603-RES, Library: SparkFun-Passives]
Object not found: SR_OUT1  [Package: 2X05, Library: pinhead]
Object not found: SR_OUT2  [Package: 2X05, Library: pinhead]
Object not found: DHT-R1 10k [Package: R0603, Library: resistor]
Object not found: SENSOR-MQ2 METHANE_SENSOR [Package: MQ-3, Library: SparkFun-Sensors]
Object not found: MQ2-R1 10k [Package: R0603, Library: resistor]
Object not found: W5500-C12 10uF/16V [Package: 153CLV-0605, Library: rcl]
Object not found: W5500-R12 12K4 [Package: R0805, Library: resistor]
Object not found: W5500-C13 10uF/16V [Package: 153CLV-0605, Library: rcl]
Object not found: W5500-R13 10k [Package: R0603, Library: resistor]
Object not found: STM-SWD PINHD4 [Package: PINHD4, Library: TFT_LCD_2.2]
Object not found: STM-USART PINHD4 [Package: PINHD4, Library: TFT_LCD_2.2]
Object not found: PWR-SWT  [Package: R0402, Library: rcl]
Object not found: S1  [Package: TACTILE-SWITCH-SMD, Library: SparkFun-Electromechanical]
Object not found: BAT1  [Package: BATTCON_12MM, Library: SparkFun-Electromechanical]
Object not found: STM-XTAL 32.768kHz [Package: TC26H, Library: SparkFun-FreqCtrl]
Object not found: STM-C2 4.3pF [Package: C0603, Library: rcl]
Object not found: STM-C3 4.3pF [Package: C0603, Library: rcl]
Object not found: JP1  [Package: 2X04, Library: pinhead]
Object not found: R_CH4 270 [Package: 0603-RES, Library: SparkFun-Passives]
Object not found: R_CH1 270 [Package: 0603-RES, Library: SparkFun-Passives]
Object not found: R_CH2 270 [Package: 0603-RES, Library: SparkFun-Passives]
Object not found: R_CH3 270 [Package: 0603-RES, Library: SparkFun-Passives]
Object not found: IC5 74HC595D [Package: SO16, Library: 74xx-eu]
Object not found: U$5 ESP8266WI12 [Package: WI12, Library: esp8266]
Object not found: OK2 ILD205 [Package: SOIC08, Library: optocoupler]
Object not found: OK1 ILD205 [Package: SOIC08, Library: optocoupler]
Object not found: SYS-L2 150Mhz [Package: FB805, Library: dp_devices]
Object not found: JP_ESP_RX 0 [Package: R0201, Library: rcl]
Object not found: JP_ESP_TX 0 [Package: R0201, Library: rcl]
Object not found: U$7 U.FL [Package: U.FL, Library: SparkFun]
Object not found: U$8 SIM_HOLDER [Package: SIMHOLDER-PUSHPUSH, Library: bontor]
Object not found: U$9 TRANSFORMER [Package: TV16, Library: bontor]
Object not found: U$10 TRANSFORMER [Package: TV16, Library: bontor]
Object not found: U$11 TRANSFORMER [Package: TV16, Library: bontor]
Object not found: RT1  [Package: 0309V, Library: rcl]
Object not found: RT2  [Package: 0309V, Library: rcl]
Object not found: RT3  [Package: 0309V, Library: rcl]
Object not found: RTO1  [Package: 0309_12, Library: rcl]
Object not found: RTO2  [Package: 0309_12, Library: rcl]
Object not found: RTO3  [Package: 0309_12, Library: rcl]
Object not found: U$12 TERMINAL_BLOCK_TW [Package: TERMINAL-TWO-WAY, Library: bontor]
Object not found: U$13 LCD_2.4 [Package: LCD_TOUCH_2-4, Library: bontor]
Object not found: RW5500-1 10k [Package: RN8P-4R-CRA06S, Library: dp_devices]
Object not found: RW5500-2 10k [Package: RN8P-4R-CRA06S, Library: dp_devices]
Object not found: RW5500-3 10k [Package: R0603, Library: rcl]
Object not found: ESP_EXT PINHD4 [Package: PINHD4, Library: TFT_LCD_2.2]
Object not found: U$4 CC2520 [Package: QFN50P500X500X100-29N, Library: chipcon-ti-v2]
Object not found: R_VREG 10K [Package: 0402-RES, Library: SparkFun-Passives]
Object not found: CC_C14 100nF [Package: C0402, Library: rcl]
Object not found: CC_C20 100nF [Package: C0402, Library: rcl]
Object not found: CC_C8 100nF [Package: C0402, Library: rcl]
Object not found: CC_DCOUP 100nF [Package: C0402, Library: rcl]
Object not found: X1 NX2520SA [Package: NX2520SA, Library: bbb-cc2520]
Object not found: CC_CX1 27p [Package: C0201, Library: rcl]
Object not found: CC_CX2 27p [Package: C0201, Library: rcl]
Object not found: RBIAS 56k [Package: 0402-RES, Library: SparkFun-Passives]
Object not found: B1 2450BM15A0002 [Package: 2450BM, Library: rpi-cc2520]
Object not found: J1 U.FL [Package: U.FL, Library: SparkFun-Connectors]
Object not found: SYS-L1 150Mhz [Package: FB805, Library: dp_devices]
Object not found: USB_IN USB_MICROB [Package: USB-B-MICRO-SMD_V03, Library: SparkFun-Connectors]
Object not found: U$3 HLK-PM01 [Package: HLK-PM01, Library: bontor]
Object not found: U$6 DCDCMODULE_360 [Package: DCDCMODULE-360, Library: bontor]
Object not found: U$14 RJ11-4P [Package: RJ11-4P, Library: bontor]
Object not found: U$15 RJ11-4P [Package: RJ11-4P, Library: bontor]
Object not found: U$16 RJ11-4P [Package: RJ11-4P, Library: bontor]
Object not found: U$17  [Package: DHT11, Library: DHT11]
